<?xml version="1.0" encoding="UTF-8"?>
<testng-results skipped="0" failed="0" total="1" passed="1">
  <reporter-output>
  </reporter-output>
  <suite name="Default suite" duration-ms="50870" started-at="2017-01-26T12:05:21Z" finished-at="2017-01-26T12:06:11Z">
    <groups>
    </groups>
    <test name="Default test" duration-ms="50870" started-at="2017-01-26T12:05:21Z" finished-at="2017-01-26T12:06:11Z">
      <class name="wordpress.Tests.VerifyWordpressLogin">
        <test-method status="PASS" signature="VerifyValidLogin()[pri:0, instance:wordpress.Tests.VerifyWordpressLogin@58651fd0]" name="VerifyValidLogin" duration-ms="50823" started-at="2017-01-26T17:35:21Z" finished-at="2017-01-26T17:36:11Z">
          <reporter-output>
          </reporter-output>
        </test-method> <!-- VerifyValidLogin -->
      </class> <!-- wordpress.Tests.VerifyWordpressLogin -->
    </test> <!-- Default test -->
  </suite> <!-- Default suite -->
</testng-results>
